--- Auth Init: https://neutral-shrimp-50.clerk.accounts.dev/.well-known/jwks.json ---
--- Auth Init: https://neutral-shrimp-50.clerk.accounts.dev/.well-known/jwks.json ---
--- Auth Init: https://neutral-shrimp-50.clerk.accounts.dev/.well-known/jwks.json ---
[Auth] Received token length: 13, start: invalid_token
[Auth] Invalid token: Not enough segments
[Auth] Sync failed: Invalid token: Not enough segments
--- Auth Init: https://neutral-shrimp-50.clerk.accounts.dev/.well-known/jwks.json ---
[Auth] Received token length: 944, start: eyJhbGciOiJSUzI
[Auth] Received token length: 944, start: eyJhbGciOiJSUzI
[Auth] Received token length: 944, start: eyJhbGciOiJSUzI
[Auth] Received token length: 944, start: eyJhbGciOiJSUzI
[Auth] Received token length: 944, start: eyJhbGciOiJSUzI
[Auth] Token expired
[Auth] Sync failed: Token expired
[Auth] Received token length: 945, start: eyJhbGciOiJSUzI
[Auth] Received token length: 945, start: eyJhbGciOiJSUzI
[Auth] Token expired
[Auth] Sync failed: Token expired
[Auth] Received token length: 945, start: eyJhbGciOiJSUzI
[Auth] Token expired
[Auth] Sync failed: Token expired
[Auth] Received token length: 945, start: eyJhbGciOiJSUzI
[Auth] Token expired
[Auth] Sync failed: Token expired
[Auth] Received token length: 945, start: eyJhbGciOiJSUzI
[Auth] Token expired
[Auth] Sync failed: Token expired
[Auth] Received token length: 945, start: eyJhbGciOiJSUzI
[Auth] Received token length: 945, start: eyJhbGciOiJSUzI
[Auth] Received token length: 945, start: eyJhbGciOiJSUzI
[Auth] Received token length: 945, start: eyJhbGciOiJSUzI
[Auth] Received token length: 945, start: eyJhbGciOiJSUzI
[Auth] Received token length: 945, start: eyJhbGciOiJSUzI
[Auth] Received token length: 945, start: eyJhbGciOiJSUzI
[Auth] Received token length: 945, start: eyJhbGciOiJSUzI
[Auth] Received token length: 945, start: eyJhbGciOiJSUzI
[Auth] Received token length: 945, start: eyJhbGciOiJSUzI
[Auth] Received token length: 945, start: eyJhbGciOiJSUzI
[Auth] Token expired
[Auth] Sync failed: Token expired
[Auth] Received token length: 945, start: eyJhbGciOiJSUzI
[Auth] Received token length: 945, start: eyJhbGciOiJSUzI
[Auth] Received token length: 946, start: eyJhbGciOiJSUzI
[Auth] Received token length: 945, start: eyJhbGciOiJSUzI
[Auth] Token expired
[Auth] Sync failed: Token expired
[Auth] Received token length: 946, start: eyJhbGciOiJSUzI
[Auth] Received token length: 946, start: eyJhbGciOiJSUzI
[Auth] Received token length: 946, start: eyJhbGciOiJSUzI
[Auth] Token expired
[Auth] Sync failed: Token expired
[Auth] Received token length: 946, start: eyJhbGciOiJSUzI
[Auth] Received token length: 946, start: eyJhbGciOiJSUzI
[Auth] Received token length: 946, start: eyJhbGciOiJSUzI
[Auth] Received token length: 946, start: eyJhbGciOiJSUzI
[Auth] Received token length: 946, start: eyJhbGciOiJSUzI
[Auth] Received token length: 946, start: eyJhbGciOiJSUzI
[Auth] Received token length: 946, start: eyJhbGciOiJSUzI
[Auth] Received token length: 946, start: eyJhbGciOiJSUzI
[Auth] Received token length: 946, start: eyJhbGciOiJSUzI
[Auth] Received token length: 946, start: eyJhbGciOiJSUzI
[Auth] Received token length: 946, start: eyJhbGciOiJSUzI
[Auth] Received token length: 946, start: eyJhbGciOiJSUzI
[Auth] Received token length: 946, start: eyJhbGciOiJSUzI
[Auth] Received token length: 946, start: eyJhbGciOiJSUzI
[Auth] Received token length: 946, start: eyJhbGciOiJSUzI
[Auth] Received token length: 946, start: eyJhbGciOiJSUzI
[Auth] Received token length: 946, start: eyJhbGciOiJSUzI
[Auth] Received token length: 946, start: eyJhbGciOiJSUzI
[Auth] Received token length: 946, start: eyJhbGciOiJSUzI
[Auth] Received token length: 946, start: eyJhbGciOiJSUzI
[Auth] Received token length: 946, start: eyJhbGciOiJSUzI
[Auth] Received token length: 946, start: eyJhbGciOiJSUzI
[Auth] Received token length: 946, start: eyJhbGciOiJSUzI
[Auth] Received token length: 946, start: eyJhbGciOiJSUzI
[Auth] Received token length: 946, start: eyJhbGciOiJSUzI
[Auth] Received token length: 946, start: eyJhbGciOiJSUzI
[Auth] Token expired
[Auth] Sync failed: Token expired
[Auth] Received token length: 946, start: eyJhbGciOiJSUzI
[Auth] Received token length: 946, start: eyJhbGciOiJSUzI
[Auth] Received token length: 946, start: eyJhbGciOiJSUzI
[Auth] Received token length: 946, start: eyJhbGciOiJSUzI
[Auth] Received token length: 946, start: eyJhbGciOiJSUzI
[Auth] Received token length: 946, start: eyJhbGciOiJSUzI
[Auth] Received token length: 946, start: eyJhbGciOiJSUzI
[Auth] Received token length: 946, start: eyJhbGciOiJSUzI
[Auth] Received token length: 946, start: eyJhbGciOiJSUzI
[Auth] Received token length: 946, start: eyJhbGciOiJSUzI
[Auth] Received token length: 946, start: eyJhbGciOiJSUzI
[Auth] Received token length: 946, start: eyJhbGciOiJSUzI
[Auth] Received token length: 946, start: eyJhbGciOiJSUzI
[Auth] Received token length: 946, start: eyJhbGciOiJSUzI
[Auth] Received token length: 946, start: eyJhbGciOiJSUzI
[Auth] Received token length: 946, start: eyJhbGciOiJSUzI
[Auth] Received token length: 946, start: eyJhbGciOiJSUzI
[Auth] Received token length: 946, start: eyJhbGciOiJSUzI
[Auth] Received token length: 946, start: eyJhbGciOiJSUzI
[Auth] Received token length: 946, start: eyJhbGciOiJSUzI
[Auth] Received token length: 946, start: eyJhbGciOiJSUzI
[Auth] Received token length: 946, start: eyJhbGciOiJSUzI
[Auth] Received token length: 946, start: eyJhbGciOiJSUzI
[Auth] Received token length: 946, start: eyJhbGciOiJSUzI
[Auth] Received token length: 946, start: eyJhbGciOiJSUzI
[Auth] Received token length: 946, start: eyJhbGciOiJSUzI
[Auth] Received token length: 946, start: eyJhbGciOiJSUzI
[Auth] Received token length: 946, start: eyJhbGciOiJSUzI
[Auth] Received token length: 946, start: eyJhbGciOiJSUzI
[Auth] Received token length: 946, start: eyJhbGciOiJSUzI
[Auth] Received token length: 946, start: eyJhbGciOiJSUzI
[Auth] Received token length: 946, start: eyJhbGciOiJSUzI
[Auth] Received token length: 946, start: eyJhbGciOiJSUzI
[Auth] Received token length: 946, start: eyJhbGciOiJSUzI
[Auth] Received token length: 946, start: eyJhbGciOiJSUzI
[Auth] Received token length: 946, start: eyJhbGciOiJSUzI
[Auth] Received token length: 946, start: eyJhbGciOiJSUzI
[Auth] Received token length: 946, start: eyJhbGciOiJSUzI
[Auth] Received token length: 946, start: eyJhbGciOiJSUzI
[Auth] Received token length: 946, start: eyJhbGciOiJSUzI
[Auth] Received token length: 946, start: eyJhbGciOiJSUzI
[Auth] Received token length: 946, start: eyJhbGciOiJSUzI
[Auth] Received token length: 946, start: eyJhbGciOiJSUzI
[Auth] Received token length: 946, start: eyJhbGciOiJSUzI
[Auth] Received token length: 946, start: eyJhbGciOiJSUzI
[Auth] Received token length: 946, start: eyJhbGciOiJSUzI
[Auth] Received token length: 946, start: eyJhbGciOiJSUzI
[Auth] Received token length: 946, start: eyJhbGciOiJSUzI
[Auth] Received token length: 946, start: eyJhbGciOiJSUzI
[Auth] Received token length: 946, start: eyJhbGciOiJSUzI
[Auth] Received token length: 946, start: eyJhbGciOiJSUzI
[Auth] Received token length: 946, start: eyJhbGciOiJSUzI
[Auth] Received token length: 946, start: eyJhbGciOiJSUzI
[Auth] Received token length: 946, start: eyJhbGciOiJSUzI
[Auth] Received token length: 946, start: eyJhbGciOiJSUzI
[Auth] Received token length: 946, start: eyJhbGciOiJSUzI
[Auth] Received token length: 946, start: eyJhbGciOiJSUzI
[Auth] Received token length: 946, start: eyJhbGciOiJSUzI
[Auth] Received token length: 946, start: eyJhbGciOiJSUzI
[Auth] Received token length: 946, start: eyJhbGciOiJSUzI
[Auth] Received token length: 946, start: eyJhbGciOiJSUzI
[Auth] Received token length: 946, start: eyJhbGciOiJSUzI
[Auth] Received token length: 946, start: eyJhbGciOiJSUzI
[Auth] Received token length: 946, start: eyJhbGciOiJSUzI
[Auth] Received token length: 946, start: eyJhbGciOiJSUzI
[Auth] Received token length: 946, start: eyJhbGciOiJSUzI
[Auth] Received token length: 946, start: eyJhbGciOiJSUzI
[Auth] Received token length: 946, start: eyJhbGciOiJSUzI
[Auth] Received token length: 946, start: eyJhbGciOiJSUzI
[Auth] Received token length: 946, start: eyJhbGciOiJSUzI
[Auth] Received token length: 946, start: eyJhbGciOiJSUzI
[Auth] Received token length: 946, start: eyJhbGciOiJSUzI
[Auth] Received token length: 946, start: eyJhbGciOiJSUzI
[Auth] Received token length: 946, start: eyJhbGciOiJSUzI
[Auth] Received token length: 946, start: eyJhbGciOiJSUzI
[Auth] Received token length: 946, start: eyJhbGciOiJSUzI
[Auth] Received token length: 946, start: eyJhbGciOiJSUzI
[Auth] Received token length: 946, start: eyJhbGciOiJSUzI
[Auth] Received token length: 946, start: eyJhbGciOiJSUzI
[Auth] Received token length: 946, start: eyJhbGciOiJSUzI
[Auth] Received token length: 946, start: eyJhbGciOiJSUzI
[Auth] Received token length: 946, start: eyJhbGciOiJSUzI
[Auth] Received token length: 946, start: eyJhbGciOiJSUzI
[Auth] Received token length: 946, start: eyJhbGciOiJSUzI
[Auth] Received token length: 946, start: eyJhbGciOiJSUzI
[Auth] Received token length: 946, start: eyJhbGciOiJSUzI
[Auth] Received token length: 946, start: eyJhbGciOiJSUzI
[Auth] Received token length: 946, start: eyJhbGciOiJSUzI
[Auth] Received token length: 946, start: eyJhbGciOiJSUzI
[Auth] Received token length: 946, start: eyJhbGciOiJSUzI
[Auth] Received token length: 946, start: eyJhbGciOiJSUzI
[Auth] Received token length: 946, start: eyJhbGciOiJSUzI
[Auth] Received token length: 946, start: eyJhbGciOiJSUzI
[Auth] Received token length: 946, start: eyJhbGciOiJSUzI
[Auth] Received token length: 946, start: eyJhbGciOiJSUzI
[Auth] Received token length: 946, start: eyJhbGciOiJSUzI
[Auth] Received token length: 946, start: eyJhbGciOiJSUzI
[Auth] Received token length: 946, start: eyJhbGciOiJSUzI
[Auth] Received token length: 946, start: eyJhbGciOiJSUzI
[Auth] Received token length: 946, start: eyJhbGciOiJSUzI
[Auth] Received token length: 946, start: eyJhbGciOiJSUzI
[Auth] Received token length: 946, start: eyJhbGciOiJSUzI
[Auth] Received token length: 946, start: eyJhbGciOiJSUzI
[Auth] Received token length: 946, start: eyJhbGciOiJSUzI
[Auth] Received token length: 946, start: eyJhbGciOiJSUzI
[Auth] Received token length: 946, start: eyJhbGciOiJSUzI
[Auth] Received token length: 946, start: eyJhbGciOiJSUzI
[Auth] Received token length: 946, start: eyJhbGciOiJSUzI
[Auth] Received token length: 946, start: eyJhbGciOiJSUzI
[Auth] Received token length: 946, start: eyJhbGciOiJSUzI
[Auth] Received token length: 946, start: eyJhbGciOiJSUzI
[Auth] Received token length: 946, start: eyJhbGciOiJSUzI
[Auth] Received token length: 946, start: eyJhbGciOiJSUzI
[Auth] Received token length: 946, start: eyJhbGciOiJSUzI
[Auth] Received token length: 946, start: eyJhbGciOiJSUzI
[Auth] Received token length: 946, start: eyJhbGciOiJSUzI
[Auth] Received token length: 946, start: eyJhbGciOiJSUzI
[Auth] Received token length: 946, start: eyJhbGciOiJSUzI
[Auth] Received token length: 946, start: eyJhbGciOiJSUzI
[Auth] Received token length: 946, start: eyJhbGciOiJSUzI
[Auth] Received token length: 946, start: eyJhbGciOiJSUzI
[Auth] Received token length: 946, start: eyJhbGciOiJSUzI
[Auth] Received token length: 946, start: eyJhbGciOiJSUzI
[Auth] Received token length: 946, start: eyJhbGciOiJSUzI
[Auth] Received token length: 946, start: eyJhbGciOiJSUzI
[Auth] Received token length: 946, start: eyJhbGciOiJSUzI
[Auth] Received token length: 946, start: eyJhbGciOiJSUzI
[Auth] Received token length: 946, start: eyJhbGciOiJSUzI
[Auth] Received token length: 946, start: eyJhbGciOiJSUzI
[Auth] Received token length: 946, start: eyJhbGciOiJSUzI
[Auth] Received token length: 946, start: eyJhbGciOiJSUzI
[Auth] Received token length: 946, start: eyJhbGciOiJSUzI
[Auth] Received token length: 946, start: eyJhbGciOiJSUzI
[Auth] Received token length: 946, start: eyJhbGciOiJSUzI
[Auth] Received token length: 946, start: eyJhbGciOiJSUzI
[Auth] Received token length: 946, start: eyJhbGciOiJSUzI
[Auth] Received token length: 946, start: eyJhbGciOiJSUzI
[Auth] Received token length: 946, start: eyJhbGciOiJSUzI
[Auth] Received token length: 946, start: eyJhbGciOiJSUzI
[Auth] Received token length: 946, start: eyJhbGciOiJSUzI
[Auth] Received token length: 946, start: eyJhbGciOiJSUzI
[Auth] Received token length: 946, start: eyJhbGciOiJSUzI
[Auth] Received token length: 946, start: eyJhbGciOiJSUzI
[Auth] Received token length: 946, start: eyJhbGciOiJSUzI
[Auth] Received token length: 946, start: eyJhbGciOiJSUzI
[Auth] Received token length: 946, start: eyJhbGciOiJSUzI
[Auth] Received token length: 946, start: eyJhbGciOiJSUzI
[Auth] Received token length: 946, start: eyJhbGciOiJSUzI
[Auth] Received token length: 946, start: eyJhbGciOiJSUzI
[Auth] Received token length: 946, start: eyJhbGciOiJSUzI
[Auth] Received token length: 946, start: eyJhbGciOiJSUzI
[Auth] Received token length: 946, start: eyJhbGciOiJSUzI
[Auth] Received token length: 946, start: eyJhbGciOiJSUzI
[Auth] Received token length: 946, start: eyJhbGciOiJSUzI
[Auth] Received token length: 946, start: eyJhbGciOiJSUzI
[Auth] Received token length: 946, start: eyJhbGciOiJSUzI
[Auth] Received token length: 946, start: eyJhbGciOiJSUzI
[Auth] Received token length: 946, start: eyJhbGciOiJSUzI
[Auth] Received token length: 946, start: eyJhbGciOiJSUzI
[Auth] Received token length: 946, start: eyJhbGciOiJSUzI
[Auth] Received token length: 946, start: eyJhbGciOiJSUzI
[Auth] Received token length: 946, start: eyJhbGciOiJSUzI
[Auth] Received token length: 946, start: eyJhbGciOiJSUzI
[Auth] Received token length: 946, start: eyJhbGciOiJSUzI
[Auth] Received token length: 946, start: eyJhbGciOiJSUzI
[Auth] Received token length: 946, start: eyJhbGciOiJSUzI
[Auth] Received token length: 946, start: eyJhbGciOiJSUzI
[Auth] Received token length: 946, start: eyJhbGciOiJSUzI
[Auth] Received token length: 946, start: eyJhbGciOiJSUzI
[Auth] Received token length: 946, start: eyJhbGciOiJSUzI
[Auth] Received token length: 946, start: eyJhbGciOiJSUzI
[Auth] Received token length: 946, start: eyJhbGciOiJSUzI
[Auth] Received token length: 946, start: eyJhbGciOiJSUzI
[Auth] Received token length: 946, start: eyJhbGciOiJSUzI
[Auth] Received token length: 946, start: eyJhbGciOiJSUzI
[Auth] Received token length: 946, start: eyJhbGciOiJSUzI
[Auth] Received token length: 946, start: eyJhbGciOiJSUzI
[Auth] Received token length: 946, start: eyJhbGciOiJSUzI
[Auth] Received token length: 946, start: eyJhbGciOiJSUzI
[Auth] Received token length: 946, start: eyJhbGciOiJSUzI
[Auth] Received token length: 946, start: eyJhbGciOiJSUzI
[Auth] Received token length: 946, start: eyJhbGciOiJSUzI
[Auth] Received token length: 946, start: eyJhbGciOiJSUzI
[Auth] Received token length: 946, start: eyJhbGciOiJSUzI
[Auth] Received token length: 946, start: eyJhbGciOiJSUzI
[Auth] Received token length: 946, start: eyJhbGciOiJSUzI
[Auth] Received token length: 946, start: eyJhbGciOiJSUzI
[Auth] Received token length: 946, start: eyJhbGciOiJSUzI
[Auth] Received token length: 946, start: eyJhbGciOiJSUzI
[Auth] Received token length: 946, start: eyJhbGciOiJSUzI
[Auth] Received token length: 946, start: eyJhbGciOiJSUzI
[Auth] Received token length: 946, start: eyJhbGciOiJSUzI
[Auth] Received token length: 946, start: eyJhbGciOiJSUzI
[Auth] Received token length: 946, start: eyJhbGciOiJSUzI
[Auth] Received token length: 946, start: eyJhbGciOiJSUzI
[Auth] Received token length: 946, start: eyJhbGciOiJSUzI
[Auth] Received token length: 946, start: eyJhbGciOiJSUzI
[Auth] Received token length: 946, start: eyJhbGciOiJSUzI
[Auth] Received token length: 946, start: eyJhbGciOiJSUzI
[Auth] Received token length: 946, start: eyJhbGciOiJSUzI
[Auth] Received token length: 946, start: eyJhbGciOiJSUzI
[Auth] Received token length: 946, start: eyJhbGciOiJSUzI
[Auth] Received token length: 946, start: eyJhbGciOiJSUzI
[Auth] Received token length: 946, start: eyJhbGciOiJSUzI
[Auth] Received token length: 946, start: eyJhbGciOiJSUzI
[Auth] Received token length: 946, start: eyJhbGciOiJSUzI
[Auth] Received token length: 946, start: eyJhbGciOiJSUzI
[Auth] Received token length: 946, start: eyJhbGciOiJSUzI
[Auth] Received token length: 946, start: eyJhbGciOiJSUzI
[Auth] Received token length: 946, start: eyJhbGciOiJSUzI
[Auth] Received token length: 946, start: eyJhbGciOiJSUzI
[Auth] Received token length: 946, start: eyJhbGciOiJSUzI
[Auth] Received token length: 946, start: eyJhbGciOiJSUzI
[Auth] Received token length: 946, start: eyJhbGciOiJSUzI
[Auth] Received token length: 946, start: eyJhbGciOiJSUzI
[Auth] Received token length: 946, start: eyJhbGciOiJSUzI
[Auth] Received token length: 946, start: eyJhbGciOiJSUzI
[Auth] Received token length: 946, start: eyJhbGciOiJSUzI
[Auth] Received token length: 946, start: eyJhbGciOiJSUzI
[Auth] Received token length: 946, start: eyJhbGciOiJSUzI
[Auth] Received token length: 946, start: eyJhbGciOiJSUzI
[Auth] Received token length: 946, start: eyJhbGciOiJSUzI
[Auth] Received token length: 946, start: eyJhbGciOiJSUzI
[Auth] Received token length: 946, start: eyJhbGciOiJSUzI
[Auth] Received token length: 946, start: eyJhbGciOiJSUzI
[Auth] Received token length: 946, start: eyJhbGciOiJSUzI
[Auth] Received token length: 946, start: eyJhbGciOiJSUzI
[Auth] Received token length: 946, start: eyJhbGciOiJSUzI
[Auth] Received token length: 946, start: eyJhbGciOiJSUzI
[Auth] Received token length: 946, start: eyJhbGciOiJSUzI
[Auth] Received token length: 946, start: eyJhbGciOiJSUzI
[Auth] Received token length: 946, start: eyJhbGciOiJSUzI
[Auth] Received token length: 946, start: eyJhbGciOiJSUzI
[Auth] Received token length: 946, start: eyJhbGciOiJSUzI
[Auth] Received token length: 946, start: eyJhbGciOiJSUzI
[Auth] Received token length: 946, start: eyJhbGciOiJSUzI
[Auth] Received token length: 946, start: eyJhbGciOiJSUzI
[Auth] Received token length: 946, start: eyJhbGciOiJSUzI
[Auth] Received token length: 946, start: eyJhbGciOiJSUzI
[Auth] Received token length: 946, start: eyJhbGciOiJSUzI
[Auth] Received token length: 946, start: eyJhbGciOiJSUzI
[Auth] Received token length: 946, start: eyJhbGciOiJSUzI
[Auth] Received token length: 946, start: eyJhbGciOiJSUzI
[Auth] Received token length: 946, start: eyJhbGciOiJSUzI
[Auth] Received token length: 946, start: eyJhbGciOiJSUzI
[Auth] Received token length: 946, start: eyJhbGciOiJSUzI
[Auth] Received token length: 946, start: eyJhbGciOiJSUzI
[Auth] Received token length: 946, start: eyJhbGciOiJSUzI
[Auth] Received token length: 946, start: eyJhbGciOiJSUzI
[Auth] Received token length: 946, start: eyJhbGciOiJSUzI
[Auth] Received token length: 946, start: eyJhbGciOiJSUzI
[Auth] Received token length: 946, start: eyJhbGciOiJSUzI
[Auth] Received token length: 946, start: eyJhbGciOiJSUzI
[Auth] Received token length: 946, start: eyJhbGciOiJSUzI
[Auth] Received token length: 946, start: eyJhbGciOiJSUzI
[Auth] Received token length: 946, start: eyJhbGciOiJSUzI
[Auth] Received token length: 946, start: eyJhbGciOiJSUzI
[Auth] Received token length: 946, start: eyJhbGciOiJSUzI
[Auth] Received token length: 946, start: eyJhbGciOiJSUzI
[Auth] Received token length: 946, start: eyJhbGciOiJSUzI
[Auth] Received token length: 946, start: eyJhbGciOiJSUzI
[Auth] Received token length: 946, start: eyJhbGciOiJSUzI
[Auth] Received token length: 946, start: eyJhbGciOiJSUzI
[Auth] Received token length: 946, start: eyJhbGciOiJSUzI
[Auth] Received token length: 946, start: eyJhbGciOiJSUzI
[Auth] Received token length: 946, start: eyJhbGciOiJSUzI
[Auth] Received token length: 946, start: eyJhbGciOiJSUzI
[Auth] Received token length: 946, start: eyJhbGciOiJSUzI
[Auth] Received token length: 946, start: eyJhbGciOiJSUzI
[Auth] Received token length: 946, start: eyJhbGciOiJSUzI
[Auth] Received token length: 946, start: eyJhbGciOiJSUzI
[Auth] Received token length: 946, start: eyJhbGciOiJSUzI
[Auth] Received token length: 946, start: eyJhbGciOiJSUzI
[Auth] Received token length: 946, start: eyJhbGciOiJSUzI
[Auth] Received token length: 946, start: eyJhbGciOiJSUzI
[Auth] Received token length: 946, start: eyJhbGciOiJSUzI
[Auth] Received token length: 946, start: eyJhbGciOiJSUzI
[Auth] Received token length: 946, start: eyJhbGciOiJSUzI
[Auth] Received token length: 946, start: eyJhbGciOiJSUzI
[Auth] Received token length: 946, start: eyJhbGciOiJSUzI
[Auth] Received token length: 946, start: eyJhbGciOiJSUzI
[Auth] Received token length: 946, start: eyJhbGciOiJSUzI
[Auth] Received token length: 946, start: eyJhbGciOiJSUzI
[Auth] Received token length: 946, start: eyJhbGciOiJSUzI
[Auth] Received token length: 946, start: eyJhbGciOiJSUzI
[Auth] Received token length: 946, start: eyJhbGciOiJSUzI
[Auth] Received token length: 946, start: eyJhbGciOiJSUzI
[Auth] Received token length: 946, start: eyJhbGciOiJSUzI
[Auth] Received token length: 946, start: eyJhbGciOiJSUzI
[Auth] Received token length: 946, start: eyJhbGciOiJSUzI
[Auth] Received token length: 946, start: eyJhbGciOiJSUzI
[Auth] Received token length: 946, start: eyJhbGciOiJSUzI
[Auth] Received token length: 946, start: eyJhbGciOiJSUzI
[Auth] Received token length: 946, start: eyJhbGciOiJSUzI
[Auth] Received token length: 946, start: eyJhbGciOiJSUzI
[Auth] Received token length: 946, start: eyJhbGciOiJSUzI
[Auth] Received token length: 946, start: eyJhbGciOiJSUzI
[Auth] Received token length: 946, start: eyJhbGciOiJSUzI
[Auth] Received token length: 946, start: eyJhbGciOiJSUzI
[Auth] Received token length: 946, start: eyJhbGciOiJSUzI
[Auth] Received token length: 946, start: eyJhbGciOiJSUzI
[Auth] Received token length: 946, start: eyJhbGciOiJSUzI
[Auth] Received token length: 946, start: eyJhbGciOiJSUzI
[Auth] Received token length: 946, start: eyJhbGciOiJSUzI
[Auth] Received token length: 946, start: eyJhbGciOiJSUzI
[Auth] Received token length: 946, start: eyJhbGciOiJSUzI
[Auth] Received token length: 946, start: eyJhbGciOiJSUzI
[Auth] Received token length: 946, start: eyJhbGciOiJSUzI
[Auth] Received token length: 946, start: eyJhbGciOiJSUzI
[Auth] Received token length: 946, start: eyJhbGciOiJSUzI
[Auth] Received token length: 946, start: eyJhbGciOiJSUzI
[Auth] Received token length: 946, start: eyJhbGciOiJSUzI
[Auth] Received token length: 946, start: eyJhbGciOiJSUzI
[Auth] Received token length: 946, start: eyJhbGciOiJSUzI
[Auth] Received token length: 946, start: eyJhbGciOiJSUzI
[Auth] Received token length: 946, start: eyJhbGciOiJSUzI
[Auth] Received token length: 946, start: eyJhbGciOiJSUzI
[Auth] Received token length: 946, start: eyJhbGciOiJSUzI
[Auth] Received token length: 946, start: eyJhbGciOiJSUzI
[Auth] Received token length: 946, start: eyJhbGciOiJSUzI
[Auth] Received token length: 946, start: eyJhbGciOiJSUzI
[Auth] Received token length: 946, start: eyJhbGciOiJSUzI
[Auth] Received token length: 946, start: eyJhbGciOiJSUzI
[Auth] Received token length: 946, start: eyJhbGciOiJSUzI
[Auth] Received token length: 946, start: eyJhbGciOiJSUzI
[Auth] Received token length: 946, start: eyJhbGciOiJSUzI
[Auth] Received token length: 946, start: eyJhbGciOiJSUzI
[Auth] Received token length: 946, start: eyJhbGciOiJSUzI
[Auth] Received token length: 946, start: eyJhbGciOiJSUzI
[Auth] Received token length: 946, start: eyJhbGciOiJSUzI
[Auth] Received token length: 946, start: eyJhbGciOiJSUzI
[Auth] Received token length: 946, start: eyJhbGciOiJSUzI
[Auth] Received token length: 946, start: eyJhbGciOiJSUzI
[Auth] Received token length: 946, start: eyJhbGciOiJSUzI
[Auth] Received token length: 946, start: eyJhbGciOiJSUzI
[Auth] Received token length: 946, start: eyJhbGciOiJSUzI
[Auth] Received token length: 946, start: eyJhbGciOiJSUzI
[Auth] Received token length: 946, start: eyJhbGciOiJSUzI
[Auth] Received token length: 946, start: eyJhbGciOiJSUzI
[Auth] Received token length: 946, start: eyJhbGciOiJSUzI
[Auth] Received token length: 946, start: eyJhbGciOiJSUzI
[Auth] Received token length: 946, start: eyJhbGciOiJSUzI
[Auth] Received token length: 946, start: eyJhbGciOiJSUzI
[Auth] Received token length: 946, start: eyJhbGciOiJSUzI
[Auth] Received token length: 946, start: eyJhbGciOiJSUzI
[Auth] Received token length: 946, start: eyJhbGciOiJSUzI
[Auth] Received token length: 946, start: eyJhbGciOiJSUzI
[Auth] Received token length: 946, start: eyJhbGciOiJSUzI
[Auth] Received token length: 946, start: eyJhbGciOiJSUzI
[Auth] Received token length: 946, start: eyJhbGciOiJSUzI
[Auth] Received token length: 946, start: eyJhbGciOiJSUzI
[Auth] Received token length: 946, start: eyJhbGciOiJSUzI
[Auth] Received token length: 946, start: eyJhbGciOiJSUzI
[Auth] Received token length: 946, start: eyJhbGciOiJSUzI
[Auth] Received token length: 946, start: eyJhbGciOiJSUzI
[Auth] Received token length: 946, start: eyJhbGciOiJSUzI
[Auth] Received token length: 946, start: eyJhbGciOiJSUzI
[Auth] Received token length: 946, start: eyJhbGciOiJSUzI
[Auth] Received token length: 946, start: eyJhbGciOiJSUzI
[Auth] Received token length: 946, start: eyJhbGciOiJSUzI
[Auth] Received token length: 946, start: eyJhbGciOiJSUzI
[Auth] Received token length: 946, start: eyJhbGciOiJSUzI
[Auth] Received token length: 946, start: eyJhbGciOiJSUzI
[Auth] Received token length: 946, start: eyJhbGciOiJSUzI
[Auth] Received token length: 946, start: eyJhbGciOiJSUzI
[Auth] Received token length: 946, start: eyJhbGciOiJSUzI
[Auth] Received token length: 946, start: eyJhbGciOiJSUzI
[Auth] Received token length: 946, start: eyJhbGciOiJSUzI
[Auth] Received token length: 946, start: eyJhbGciOiJSUzI
[Auth] Received token length: 946, start: eyJhbGciOiJSUzI
[Auth] Received token length: 946, start: eyJhbGciOiJSUzI
[Auth] Received token length: 946, start: eyJhbGciOiJSUzI
[Auth] Received token length: 946, start: eyJhbGciOiJSUzI
[Auth] Received token length: 946, start: eyJhbGciOiJSUzI
[Auth] Received token length: 946, start: eyJhbGciOiJSUzI
[Auth] Received token length: 946, start: eyJhbGciOiJSUzI
[Auth] Received token length: 946, start: eyJhbGciOiJSUzI
[Auth] Received token length: 946, start: eyJhbGciOiJSUzI
[Auth] Received token length: 946, start: eyJhbGciOiJSUzI
[Auth] Received token length: 946, start: eyJhbGciOiJSUzI
[Auth] Received token length: 946, start: eyJhbGciOiJSUzI
[Auth] Received token length: 946, start: eyJhbGciOiJSUzI
[Auth] Received token length: 946, start: eyJhbGciOiJSUzI
[Auth] Received token length: 946, start: eyJhbGciOiJSUzI
[Auth] Received token length: 946, start: eyJhbGciOiJSUzI
[Auth] Received token length: 946, start: eyJhbGciOiJSUzI
[Auth] Received token length: 946, start: eyJhbGciOiJSUzI
[Auth] Received token length: 946, start: eyJhbGciOiJSUzI
[Auth] Received token length: 946, start: eyJhbGciOiJSUzI
[Auth] Received token length: 946, start: eyJhbGciOiJSUzI
[Auth] Received token length: 946, start: eyJhbGciOiJSUzI
[Auth] Received token length: 946, start: eyJhbGciOiJSUzI
[Auth] Received token length: 946, start: eyJhbGciOiJSUzI
[Auth] Received token length: 946, start: eyJhbGciOiJSUzI
[Auth] Received token length: 946, start: eyJhbGciOiJSUzI
[Auth] Received token length: 946, start: eyJhbGciOiJSUzI
[Auth] Received token length: 946, start: eyJhbGciOiJSUzI
[Auth] Received token length: 946, start: eyJhbGciOiJSUzI
[Auth] Received token length: 946, start: eyJhbGciOiJSUzI
[Auth] Received token length: 946, start: eyJhbGciOiJSUzI
[Auth] Received token length: 946, start: eyJhbGciOiJSUzI
[Auth] Received token length: 946, start: eyJhbGciOiJSUzI
[Auth] Received token length: 946, start: eyJhbGciOiJSUzI
[Auth] Received token length: 946, start: eyJhbGciOiJSUzI
[Auth] Received token length: 946, start: eyJhbGciOiJSUzI
[Auth] Received token length: 946, start: eyJhbGciOiJSUzI
[Auth] Received token length: 946, start: eyJhbGciOiJSUzI
[Auth] Received token length: 946, start: eyJhbGciOiJSUzI
[Auth] Received token length: 946, start: eyJhbGciOiJSUzI
[Auth] Received token length: 946, start: eyJhbGciOiJSUzI
[Auth] Received token length: 946, start: eyJhbGciOiJSUzI
[Auth] Received token length: 946, start: eyJhbGciOiJSUzI
[Auth] Received token length: 946, start: eyJhbGciOiJSUzI
[Auth] Received token length: 946, start: eyJhbGciOiJSUzI
[Auth] Received token length: 946, start: eyJhbGciOiJSUzI
[Auth] Received token length: 946, start: eyJhbGciOiJSUzI
[Auth] Received token length: 946, start: eyJhbGciOiJSUzI
[Auth] Received token length: 946, start: eyJhbGciOiJSUzI
[Auth] Received token length: 946, start: eyJhbGciOiJSUzI
[Auth] Received token length: 946, start: eyJhbGciOiJSUzI
[Auth] Received token length: 946, start: eyJhbGciOiJSUzI
[Auth] Received token length: 946, start: eyJhbGciOiJSUzI
[Auth] Received token length: 946, start: eyJhbGciOiJSUzI
[Auth] Received token length: 946, start: eyJhbGciOiJSUzI
[Auth] Received token length: 946, start: eyJhbGciOiJSUzI
[Auth] Received token length: 946, start: eyJhbGciOiJSUzI
[Auth] Received token length: 946, start: eyJhbGciOiJSUzI
[Auth] Received token length: 946, start: eyJhbGciOiJSUzI
[Auth] Received token length: 946, start: eyJhbGciOiJSUzI
[Auth] Received token length: 946, start: eyJhbGciOiJSUzI
[Auth] Received token length: 946, start: eyJhbGciOiJSUzI
[Auth] Received token length: 946, start: eyJhbGciOiJSUzI
[Auth] Received token length: 946, start: eyJhbGciOiJSUzI
[Auth] Received token length: 946, start: eyJhbGciOiJSUzI
[Auth] Received token length: 946, start: eyJhbGciOiJSUzI
[Auth] Received token length: 946, start: eyJhbGciOiJSUzI
[Auth] Received token length: 946, start: eyJhbGciOiJSUzI
[Auth] Received token length: 946, start: eyJhbGciOiJSUzI
[Auth] Received token length: 946, start: eyJhbGciOiJSUzI
[Auth] Received token length: 946, start: eyJhbGciOiJSUzI
[Auth] Received token length: 946, start: eyJhbGciOiJSUzI
[Auth] Received token length: 946, start: eyJhbGciOiJSUzI
[Auth] Received token length: 946, start: eyJhbGciOiJSUzI
[Auth] Received token length: 946, start: eyJhbGciOiJSUzI
[Auth] Received token length: 946, start: eyJhbGciOiJSUzI
[Auth] Received token length: 946, start: eyJhbGciOiJSUzI
[Auth] Received token length: 946, start: eyJhbGciOiJSUzI
[Auth] Received token length: 946, start: eyJhbGciOiJSUzI
[Auth] Received token length: 946, start: eyJhbGciOiJSUzI
[Auth] Received token length: 946, start: eyJhbGciOiJSUzI
[Auth] Received token length: 946, start: eyJhbGciOiJSUzI
[Auth] Received token length: 946, start: eyJhbGciOiJSUzI
[Auth] Received token length: 946, start: eyJhbGciOiJSUzI
[Auth] Received token length: 946, start: eyJhbGciOiJSUzI
[Auth] Received token length: 946, start: eyJhbGciOiJSUzI
[Auth] Received token length: 946, start: eyJhbGciOiJSUzI
[Auth] Received token length: 946, start: eyJhbGciOiJSUzI
[Auth] Received token length: 946, start: eyJhbGciOiJSUzI
[Auth] Received token length: 946, start: eyJhbGciOiJSUzI
[Auth] Received token length: 946, start: eyJhbGciOiJSUzI
[Auth] Received token length: 946, start: eyJhbGciOiJSUzI
[Auth] Received token length: 946, start: eyJhbGciOiJSUzI
[Auth] Received token length: 946, start: eyJhbGciOiJSUzI
[Auth] Received token length: 946, start: eyJhbGciOiJSUzI
[Auth] Received token length: 946, start: eyJhbGciOiJSUzI
[Auth] Received token length: 946, start: eyJhbGciOiJSUzI
[Auth] Received token length: 946, start: eyJhbGciOiJSUzI
[Auth] Received token length: 946, start: eyJhbGciOiJSUzI
[Auth] Received token length: 946, start: eyJhbGciOiJSUzI
[Auth] Received token length: 946, start: eyJhbGciOiJSUzI
[Auth] Received token length: 946, start: eyJhbGciOiJSUzI
[Auth] Received token length: 946, start: eyJhbGciOiJSUzI
[Auth] Received token length: 946, start: eyJhbGciOiJSUzI
[Auth] Received token length: 946, start: eyJhbGciOiJSUzI
[Auth] Received token length: 946, start: eyJhbGciOiJSUzI
[Auth] Received token length: 946, start: eyJhbGciOiJSUzI
[Auth] Received token length: 946, start: eyJhbGciOiJSUzI
[Auth] Received token length: 946, start: eyJhbGciOiJSUzI
[Auth] Received token length: 946, start: eyJhbGciOiJSUzI
[Auth] Received token length: 946, start: eyJhbGciOiJSUzI
[Auth] Received token length: 946, start: eyJhbGciOiJSUzI
[Auth] Received token length: 946, start: eyJhbGciOiJSUzI
[Auth] Received token length: 946, start: eyJhbGciOiJSUzI
[Auth] Received token length: 946, start: eyJhbGciOiJSUzI
[Auth] Received token length: 946, start: eyJhbGciOiJSUzI
[Auth] Received token length: 946, start: eyJhbGciOiJSUzI
[Auth] Received token length: 946, start: eyJhbGciOiJSUzI
[Auth] Received token length: 946, start: eyJhbGciOiJSUzI
[Auth] Received token length: 946, start: eyJhbGciOiJSUzI
[Auth] Received token length: 946, start: eyJhbGciOiJSUzI
[Auth] Received token length: 946, start: eyJhbGciOiJSUzI
[Auth] Received token length: 946, start: eyJhbGciOiJSUzI
[Auth] Received token length: 946, start: eyJhbGciOiJSUzI
[Auth] Received token length: 946, start: eyJhbGciOiJSUzI
[Auth] Received token length: 946, start: eyJhbGciOiJSUzI
[Auth] Received token length: 946, start: eyJhbGciOiJSUzI
[Auth] Received token length: 946, start: eyJhbGciOiJSUzI
[Auth] Received token length: 946, start: eyJhbGciOiJSUzI
[Auth] Received token length: 946, start: eyJhbGciOiJSUzI
[Auth] Received token length: 946, start: eyJhbGciOiJSUzI
[Auth] Received token length: 946, start: eyJhbGciOiJSUzI
[Auth] Received token length: 946, start: eyJhbGciOiJSUzI
[Auth] Received token length: 946, start: eyJhbGciOiJSUzI
[Auth] Received token length: 946, start: eyJhbGciOiJSUzI
[Auth] Received token length: 946, start: eyJhbGciOiJSUzI
[Auth] Received token length: 946, start: eyJhbGciOiJSUzI
[Auth] Received token length: 946, start: eyJhbGciOiJSUzI
[Auth] Received token length: 946, start: eyJhbGciOiJSUzI
[Auth] Received token length: 946, start: eyJhbGciOiJSUzI
[Auth] Received token length: 946, start: eyJhbGciOiJSUzI
[Auth] Received token length: 946, start: eyJhbGciOiJSUzI
[Auth] Received token length: 946, start: eyJhbGciOiJSUzI
[Auth] Received token length: 946, start: eyJhbGciOiJSUzI
[Auth] Received token length: 946, start: eyJhbGciOiJSUzI
[Auth] Received token length: 946, start: eyJhbGciOiJSUzI
[Auth] Received token length: 946, start: eyJhbGciOiJSUzI
[Auth] Received token length: 946, start: eyJhbGciOiJSUzI
[Auth] Received token length: 946, start: eyJhbGciOiJSUzI
[Auth] Received token length: 946, start: eyJhbGciOiJSUzI
[Auth] Received token length: 946, start: eyJhbGciOiJSUzI
[Auth] Received token length: 946, start: eyJhbGciOiJSUzI
[Auth] Received token length: 946, start: eyJhbGciOiJSUzI
[Auth] Received token length: 946, start: eyJhbGciOiJSUzI
[Auth] Token expired
[Auth] Sync failed: Token expired
[Auth] Received token length: 946, start: eyJhbGciOiJSUzI
[Auth] Token expired
[Auth] Sync failed: Token expired
[Auth] Received token length: 946, start: eyJhbGciOiJSUzI
[Auth] Received token length: 946, start: eyJhbGciOiJSUzI
[Auth] Received token length: 946, start: eyJhbGciOiJSUzI
[Auth] Token expired
[Auth] Sync failed: Token expired
[Auth] Received token length: 946, start: eyJhbGciOiJSUzI
[Auth] Received token length: 946, start: eyJhbGciOiJSUzI
[Auth] Token expired
[Auth] Sync failed: Token expired
[Auth] Received token length: 948, start: eyJhbGciOiJSUzI
[Auth] Received token length: 930, start: eyJhbGciOiJSUzI
[Auth] Unexpected error: Unable to find a signing key that matches: "ins_3Ad6DldendV2ZW2IR1lCK1n03B8"
[Auth] Sync failed: Unexpected error: Unable to find a signing key that matches: "ins_3Ad6DldendV2ZW2IR1lCK1n03B8"
[Auth] Received token length: 930, start: eyJhbGciOiJSUzI
[Auth] Unexpected error: Unable to find a signing key that matches: "ins_3Ad6DldendV2ZW2IR1lCK1n03B8"
[Auth] Sync failed: Unexpected error: Unable to find a signing key that matches: "ins_3Ad6DldendV2ZW2IR1lCK1n03B8"
[Auth] Received token length: 930, start: eyJhbGciOiJSUzI
[Auth] Unexpected error: Unable to find a signing key that matches: "ins_3Ad6DldendV2ZW2IR1lCK1n03B8"
[Auth] Sync failed: Unexpected error: Unable to find a signing key that matches: "ins_3Ad6DldendV2ZW2IR1lCK1n03B8"
[Auth] Received token length: 930, start: eyJhbGciOiJSUzI
[Auth] Unexpected error: Unable to find a signing key that matches: "ins_3Ad6DldendV2ZW2IR1lCK1n03B8"
[Auth] Sync failed: Unexpected error: Unable to find a signing key that matches: "ins_3Ad6DldendV2ZW2IR1lCK1n03B8"
[Auth] Received token length: 930, start: eyJhbGciOiJSUzI
[Auth] Unexpected error: Unable to find a signing key that matches: "ins_3Ad6DldendV2ZW2IR1lCK1n03B8"
[Auth] Sync failed: Unexpected error: Unable to find a signing key that matches: "ins_3Ad6DldendV2ZW2IR1lCK1n03B8"
[Auth] Received token length: 932, start: eyJhbGciOiJSUzI
[Auth] Unexpected error: Unable to find a signing key that matches: "ins_3Ad6DldendV2ZW2IR1lCK1n03B8"
[Auth] Sync failed: Unexpected error: Unable to find a signing key that matches: "ins_3Ad6DldendV2ZW2IR1lCK1n03B8"
[Auth] Received token length: 932, start: eyJhbGciOiJSUzI
[Auth] Unexpected error: Unable to find a signing key that matches: "ins_3Ad6DldendV2ZW2IR1lCK1n03B8"
[Auth] Sync failed: Unexpected error: Unable to find a signing key that matches: "ins_3Ad6DldendV2ZW2IR1lCK1n03B8"
[Auth] Received token length: 932, start: eyJhbGciOiJSUzI
[Auth] Unexpected error: Unable to find a signing key that matches: "ins_3Ad6DldendV2ZW2IR1lCK1n03B8"
[Auth] Sync failed: Unexpected error: Unable to find a signing key that matches: "ins_3Ad6DldendV2ZW2IR1lCK1n03B8"
[Auth] Received token length: 932, start: eyJhbGciOiJSUzI
[Auth] Unexpected error: Unable to find a signing key that matches: "ins_3Ad6DldendV2ZW2IR1lCK1n03B8"
[Auth] Sync failed: Unexpected error: Unable to find a signing key that matches: "ins_3Ad6DldendV2ZW2IR1lCK1n03B8"
[Auth] Received token length: 932, start: eyJhbGciOiJSUzI
[Auth] Unexpected error: Unable to find a signing key that matches: "ins_3Ad6DldendV2ZW2IR1lCK1n03B8"
[Auth] Sync failed: Unexpected error: Unable to find a signing key that matches: "ins_3Ad6DldendV2ZW2IR1lCK1n03B8"
[Auth] Received token length: 932, start: eyJhbGciOiJSUzI
[Auth] Unexpected error: Unable to find a signing key that matches: "ins_3Ad6DldendV2ZW2IR1lCK1n03B8"
[Auth] Sync failed: Unexpected error: Unable to find a signing key that matches: "ins_3Ad6DldendV2ZW2IR1lCK1n03B8"
[Auth] Received token length: 932, start: eyJhbGciOiJSUzI
[Auth] Unexpected error: Unable to find a signing key that matches: "ins_3Ad6DldendV2ZW2IR1lCK1n03B8"
[Auth] Sync failed: Unexpected error: Unable to find a signing key that matches: "ins_3Ad6DldendV2ZW2IR1lCK1n03B8"
[Auth] Received token length: 932, start: eyJhbGciOiJSUzI
[Auth] Unexpected error: Unable to find a signing key that matches: "ins_3Ad6DldendV2ZW2IR1lCK1n03B8"
[Auth] Sync failed: Unexpected error: Unable to find a signing key that matches: "ins_3Ad6DldendV2ZW2IR1lCK1n03B8"
[Auth] Received token length: 932, start: eyJhbGciOiJSUzI
[Auth] Unexpected error: Unable to find a signing key that matches: "ins_3Ad6DldendV2ZW2IR1lCK1n03B8"
[Auth] Sync failed: Unexpected error: Unable to find a signing key that matches: "ins_3Ad6DldendV2ZW2IR1lCK1n03B8"
[Auth] Received token length: 932, start: eyJhbGciOiJSUzI
[Auth] Unexpected error: Unable to find a signing key that matches: "ins_3Ad6DldendV2ZW2IR1lCK1n03B8"
[Auth] Sync failed: Unexpected error: Unable to find a signing key that matches: "ins_3Ad6DldendV2ZW2IR1lCK1n03B8"
[Auth] Received token length: 932, start: eyJhbGciOiJSUzI
[Auth] Unexpected error: Unable to find a signing key that matches: "ins_3Ad6DldendV2ZW2IR1lCK1n03B8"
[Auth] Sync failed: Unexpected error: Unable to find a signing key that matches: "ins_3Ad6DldendV2ZW2IR1lCK1n03B8"
[Auth] Received token length: 932, start: eyJhbGciOiJSUzI
[Auth] Unexpected error: Unable to find a signing key that matches: "ins_3Ad6DldendV2ZW2IR1lCK1n03B8"
[Auth] Sync failed: Unexpected error: Unable to find a signing key that matches: "ins_3Ad6DldendV2ZW2IR1lCK1n03B8"
[Auth] Received token length: 932, start: eyJhbGciOiJSUzI
[Auth] Unexpected error: Unable to find a signing key that matches: "ins_3Ad6DldendV2ZW2IR1lCK1n03B8"
[Auth] Sync failed: Unexpected error: Unable to find a signing key that matches: "ins_3Ad6DldendV2ZW2IR1lCK1n03B8"
[Auth] Received token length: 932, start: eyJhbGciOiJSUzI
[Auth] Unexpected error: Unable to find a signing key that matches: "ins_3Ad6DldendV2ZW2IR1lCK1n03B8"
[Auth] Sync failed: Unexpected error: Unable to find a signing key that matches: "ins_3Ad6DldendV2ZW2IR1lCK1n03B8"
[Auth] Received token length: 932, start: eyJhbGciOiJSUzI
[Auth] Unexpected error: Unable to find a signing key that matches: "ins_3Ad6DldendV2ZW2IR1lCK1n03B8"
[Auth] Sync failed: Unexpected error: Unable to find a signing key that matches: "ins_3Ad6DldendV2ZW2IR1lCK1n03B8"
[Auth] Received token length: 932, start: eyJhbGciOiJSUzI
[Auth] Unexpected error: Unable to find a signing key that matches: "ins_3Ad6DldendV2ZW2IR1lCK1n03B8"
[Auth] Sync failed: Unexpected error: Unable to find a signing key that matches: "ins_3Ad6DldendV2ZW2IR1lCK1n03B8"
[Auth] Received token length: 932, start: eyJhbGciOiJSUzI
[Auth] Unexpected error: Unable to find a signing key that matches: "ins_3Ad6DldendV2ZW2IR1lCK1n03B8"
[Auth] Sync failed: Unexpected error: Unable to find a signing key that matches: "ins_3Ad6DldendV2ZW2IR1lCK1n03B8"
[Auth] Received token length: 932, start: eyJhbGciOiJSUzI
[Auth] Unexpected error: Unable to find a signing key that matches: "ins_3Ad6DldendV2ZW2IR1lCK1n03B8"
[Auth] Sync failed: Unexpected error: Unable to find a signing key that matches: "ins_3Ad6DldendV2ZW2IR1lCK1n03B8"
[Auth] Received token length: 932, start: eyJhbGciOiJSUzI
[Auth] Unexpected error: Unable to find a signing key that matches: "ins_3Ad6DldendV2ZW2IR1lCK1n03B8"
[Auth] Sync failed: Unexpected error: Unable to find a signing key that matches: "ins_3Ad6DldendV2ZW2IR1lCK1n03B8"
[Auth] Received token length: 932, start: eyJhbGciOiJSUzI
[Auth] Unexpected error: Unable to find a signing key that matches: "ins_3Ad6DldendV2ZW2IR1lCK1n03B8"
[Auth] Sync failed: Unexpected error: Unable to find a signing key that matches: "ins_3Ad6DldendV2ZW2IR1lCK1n03B8"
[Auth] Received token length: 932, start: eyJhbGciOiJSUzI
[Auth] Unexpected error: Unable to find a signing key that matches: "ins_3Ad6DldendV2ZW2IR1lCK1n03B8"
[Auth] Sync failed: Unexpected error: Unable to find a signing key that matches: "ins_3Ad6DldendV2ZW2IR1lCK1n03B8"
[Auth] Received token length: 932, start: eyJhbGciOiJSUzI
[Auth] Unexpected error: Unable to find a signing key that matches: "ins_3Ad6DldendV2ZW2IR1lCK1n03B8"
[Auth] Sync failed: Unexpected error: Unable to find a signing key that matches: "ins_3Ad6DldendV2ZW2IR1lCK1n03B8"
[Auth] Received token length: 932, start: eyJhbGciOiJSUzI
[Auth] Unexpected error: Unable to find a signing key that matches: "ins_3Ad6DldendV2ZW2IR1lCK1n03B8"
[Auth] Sync failed: Unexpected error: Unable to find a signing key that matches: "ins_3Ad6DldendV2ZW2IR1lCK1n03B8"
[Auth] Received token length: 932, start: eyJhbGciOiJSUzI
[Auth] Unexpected error: Unable to find a signing key that matches: "ins_3Ad6DldendV2ZW2IR1lCK1n03B8"
[Auth] Sync failed: Unexpected error: Unable to find a signing key that matches: "ins_3Ad6DldendV2ZW2IR1lCK1n03B8"
[Auth] Received token length: 932, start: eyJhbGciOiJSUzI
[Auth] Unexpected error: Unable to find a signing key that matches: "ins_3Ad6DldendV2ZW2IR1lCK1n03B8"
[Auth] Sync failed: Unexpected error: Unable to find a signing key that matches: "ins_3Ad6DldendV2ZW2IR1lCK1n03B8"
[Auth] Received token length: 932, start: eyJhbGciOiJSUzI
[Auth] Unexpected error: Unable to find a signing key that matches: "ins_3Ad6DldendV2ZW2IR1lCK1n03B8"
[Auth] Sync failed: Unexpected error: Unable to find a signing key that matches: "ins_3Ad6DldendV2ZW2IR1lCK1n03B8"
[Auth] Received token length: 948, start: eyJhbGciOiJSUzI
[Auth] Token expired
[Auth] Sync failed: Token expired
[Auth] Received token length: 938, start: eyJhbGciOiJSUzI
[Auth] Received token length: 938, start: eyJhbGciOiJSUzI
[Auth] Received token length: 938, start: eyJhbGciOiJSUzI
[Auth] Received token length: 938, start: eyJhbGciOiJSUzI
[Auth] Received token length: 938, start: eyJhbGciOiJSUzI
[Auth] Received token length: 938, start: eyJhbGciOiJSUzI
[Auth] Received token length: 938, start: eyJhbGciOiJSUzI
[Auth] Received token length: 938, start: eyJhbGciOiJSUzI
[Auth] Received token length: 938, start: eyJhbGciOiJSUzI
[Auth] Received token length: 938, start: eyJhbGciOiJSUzI
[Auth] Received token length: 938, start: eyJhbGciOiJSUzI
[Auth] Received token length: 938, start: eyJhbGciOiJSUzI
[Auth] Received token length: 938, start: eyJhbGciOiJSUzI
[Auth] Received token length: 938, start: eyJhbGciOiJSUzI
[Auth] Received token length: 938, start: eyJhbGciOiJSUzI
[Auth] Received token length: 938, start: eyJhbGciOiJSUzI
[Auth] Received token length: 938, start: eyJhbGciOiJSUzI
[Auth] Received token length: 938, start: eyJhbGciOiJSUzI
[Auth] Received token length: 938, start: eyJhbGciOiJSUzI
[Auth] Received token length: 938, start: eyJhbGciOiJSUzI
[Auth] Received token length: 938, start: eyJhbGciOiJSUzI
[Auth] Received token length: 938, start: eyJhbGciOiJSUzI
[Auth] Received token length: 938, start: eyJhbGciOiJSUzI
[Auth] Received token length: 938, start: eyJhbGciOiJSUzI
[Auth] Received token length: 938, start: eyJhbGciOiJSUzI
[Auth] Received token length: 938, start: eyJhbGciOiJSUzI
[Auth] Received token length: 938, start: eyJhbGciOiJSUzI
[Auth] Received token length: 938, start: eyJhbGciOiJSUzI
[Auth] Received token length: 938, start: eyJhbGciOiJSUzI
[Auth] Received token length: 940, start: eyJhbGciOiJSUzI
[Auth] Received token length: 940, start: eyJhbGciOiJSUzI
[Auth] Received token length: 940, start: eyJhbGciOiJSUzI
[Auth] Received token length: 940, start: eyJhbGciOiJSUzI
[Auth] Received token length: 940, start: eyJhbGciOiJSUzI
[Auth] Received token length: 940, start: eyJhbGciOiJSUzI
[Auth] Received token length: 940, start: eyJhbGciOiJSUzI
[Auth] Received token length: 940, start: eyJhbGciOiJSUzI
[Auth] Received token length: 940, start: eyJhbGciOiJSUzI
[Auth] Received token length: 940, start: eyJhbGciOiJSUzI
[Auth] Received token length: 940, start: eyJhbGciOiJSUzI
[Auth] Received token length: 940, start: eyJhbGciOiJSUzI
[Auth] Received token length: 940, start: eyJhbGciOiJSUzI
[Auth] Received token length: 940, start: eyJhbGciOiJSUzI
[Auth] Received token length: 940, start: eyJhbGciOiJSUzI
[Auth] Received token length: 940, start: eyJhbGciOiJSUzI
[Auth] Received token length: 940, start: eyJhbGciOiJSUzI
[Auth] Received token length: 940, start: eyJhbGciOiJSUzI
[Auth] Received token length: 940, start: eyJhbGciOiJSUzI
[Auth] Received token length: 940, start: eyJhbGciOiJSUzI
[Auth] Received token length: 940, start: eyJhbGciOiJSUzI
[Auth] Received token length: 940, start: eyJhbGciOiJSUzI
[Auth] Received token length: 940, start: eyJhbGciOiJSUzI
[Auth] Received token length: 940, start: eyJhbGciOiJSUzI
[Auth] Received token length: 940, start: eyJhbGciOiJSUzI
[Auth] Received token length: 940, start: eyJhbGciOiJSUzI
[Auth] Received token length: 940, start: eyJhbGciOiJSUzI
[Auth] Received token length: 940, start: eyJhbGciOiJSUzI
[Auth] Received token length: 940, start: eyJhbGciOiJSUzI
[Auth] Received token length: 938, start: eyJhbGciOiJSUzI
[Auth] Token expired
[Auth] Sync failed: Token expired
[Auth] Received token length: 940, start: eyJhbGciOiJSUzI
[Auth] Received token length: 940, start: eyJhbGciOiJSUzI
[Auth] Received token length: 940, start: eyJhbGciOiJSUzI
[Auth] Received token length: 940, start: eyJhbGciOiJSUzI
[Auth] Received token length: 940, start: eyJhbGciOiJSUzI
[Auth] Received token length: 940, start: eyJhbGciOiJSUzI
[Auth] Received token length: 940, start: eyJhbGciOiJSUzI
[Auth] Received token length: 940, start: eyJhbGciOiJSUzI
[Auth] Received token length: 940, start: eyJhbGciOiJSUzI
[Auth] Received token length: 940, start: eyJhbGciOiJSUzI
[Auth] Received token length: 940, start: eyJhbGciOiJSUzI
[Auth] Received token length: 940, start: eyJhbGciOiJSUzI
[Auth] Received token length: 940, start: eyJhbGciOiJSUzI
[Auth] Received token length: 940, start: eyJhbGciOiJSUzI
[Auth] Received token length: 940, start: eyJhbGciOiJSUzI
[Auth] Received token length: 940, start: eyJhbGciOiJSUzI
[Auth] Received token length: 940, start: eyJhbGciOiJSUzI
[Auth] Received token length: 940, start: eyJhbGciOiJSUzI
[Auth] Received token length: 940, start: eyJhbGciOiJSUzI
[Auth] Received token length: 940, start: eyJhbGciOiJSUzI
[Auth] Received token length: 940, start: eyJhbGciOiJSUzI
[Auth] Received token length: 940, start: eyJhbGciOiJSUzI
[Auth] Received token length: 940, start: eyJhbGciOiJSUzI
[Auth] Received token length: 940, start: eyJhbGciOiJSUzI
[Auth] Received token length: 940, start: eyJhbGciOiJSUzI
[Auth] Received token length: 940, start: eyJhbGciOiJSUzI
[Auth] Received token length: 940, start: eyJhbGciOiJSUzI
[Auth] Received token length: 940, start: eyJhbGciOiJSUzI
[Auth] Received token length: 940, start: eyJhbGciOiJSUzI
[Auth] Received token length: 940, start: eyJhbGciOiJSUzI
[Auth] Received token length: 940, start: eyJhbGciOiJSUzI
[Auth] Received token length: 940, start: eyJhbGciOiJSUzI
[Auth] Received token length: 940, start: eyJhbGciOiJSUzI
[Auth] Received token length: 940, start: eyJhbGciOiJSUzI
[Auth] Received token length: 940, start: eyJhbGciOiJSUzI
[Auth] Received token length: 940, start: eyJhbGciOiJSUzI
[Auth] Received token length: 940, start: eyJhbGciOiJSUzI
[Auth] Received token length: 940, start: eyJhbGciOiJSUzI
[Auth] Received token length: 940, start: eyJhbGciOiJSUzI
[Auth] Received token length: 940, start: eyJhbGciOiJSUzI
[Auth] Received token length: 940, start: eyJhbGciOiJSUzI
